  planetsMenu.cpp
C:\Users\plame\OneDrive\Работен плот\Planet Dawn\2324-space-sprint-project-pda\PDA\main\planetsMenu.cpp(19,42): warning C4838: conversion from 'const int' to 'float' requires a narrowing conversion
C:\Users\plame\OneDrive\Работен плот\Planet Dawn\2324-space-sprint-project-pda\PDA\main\planetsMenu.cpp(19,42): warning C4244: 'initializing': conversion from 'const int' to 'float', possible loss of data
C:\Users\plame\OneDrive\Работен плот\Planet Dawn\2324-space-sprint-project-pda\PDA\main\planetsMenu.cpp(19,59): warning C4838: conversion from 'const int' to 'float' requires a narrowing conversion
C:\Users\plame\OneDrive\Работен плот\Planet Dawn\2324-space-sprint-project-pda\PDA\main\planetsMenu.cpp(19,59): warning C4244: 'initializing': conversion from 'const int' to 'float', possible loss of data
C:\Users\plame\OneDrive\Работен плот\Planet Dawn\2324-space-sprint-project-pda\PDA\main\planetsMenu.cpp(20,42): warning C4838: conversion from 'const int' to 'float' requires a narrowing conversion
C:\Users\plame\OneDrive\Работен плот\Planet Dawn\2324-space-sprint-project-pda\PDA\main\planetsMenu.cpp(20,42): warning C4244: 'initializing': conversion from 'const int' to 'float', possible loss of data
C:\Users\plame\OneDrive\Работен плот\Planet Dawn\2324-space-sprint-project-pda\PDA\main\planetsMenu.cpp(20,59): warning C4838: conversion from 'const int' to 'float' requires a narrowing conversion
C:\Users\plame\OneDrive\Работен плот\Planet Dawn\2324-space-sprint-project-pda\PDA\main\planetsMenu.cpp(20,59): warning C4244: 'initializing': conversion from 'const int' to 'float', possible loss of data
C:\Users\plame\OneDrive\Работен плот\Planet Dawn\2324-space-sprint-project-pda\PDA\main\planetsMenu.cpp(21,42): warning C4838: conversion from 'const int' to 'float' requires a narrowing conversion
C:\Users\plame\OneDrive\Работен плот\Planet Dawn\2324-space-sprint-project-pda\PDA\main\planetsMenu.cpp(21,42): warning C4244: 'initializing': conversion from 'const int' to 'float', possible loss of data
C:\Users\plame\OneDrive\Работен плот\Planet Dawn\2324-space-sprint-project-pda\PDA\main\planetsMenu.cpp(21,59): warning C4838: conversion from 'const int' to 'float' requires a narrowing conversion
C:\Users\plame\OneDrive\Работен плот\Planet Dawn\2324-space-sprint-project-pda\PDA\main\planetsMenu.cpp(21,59): warning C4244: 'initializing': conversion from 'const int' to 'float', possible loss of data
C:\Users\plame\OneDrive\Работен плот\Planet Dawn\2324-space-sprint-project-pda\PDA\main\planetsMenu.cpp(22,42): warning C4838: conversion from 'const int' to 'float' requires a narrowing conversion
C:\Users\plame\OneDrive\Работен плот\Planet Dawn\2324-space-sprint-project-pda\PDA\main\planetsMenu.cpp(22,42): warning C4244: 'initializing': conversion from 'const int' to 'float', possible loss of data
C:\Users\plame\OneDrive\Работен плот\Planet Dawn\2324-space-sprint-project-pda\PDA\main\planetsMenu.cpp(22,59): warning C4838: conversion from 'const int' to 'float' requires a narrowing conversion
C:\Users\plame\OneDrive\Работен плот\Planet Dawn\2324-space-sprint-project-pda\PDA\main\planetsMenu.cpp(22,59): warning C4244: 'initializing': conversion from 'const int' to 'float', possible loss of data
C:\Users\plame\OneDrive\Работен плот\Planet Dawn\2324-space-sprint-project-pda\PDA\main\planetsMenu.cpp(23,42): warning C4838: conversion from 'const int' to 'float' requires a narrowing conversion
C:\Users\plame\OneDrive\Работен плот\Planet Dawn\2324-space-sprint-project-pda\PDA\main\planetsMenu.cpp(23,42): warning C4244: 'initializing': conversion from 'const int' to 'float', possible loss of data
C:\Users\plame\OneDrive\Работен плот\Planet Dawn\2324-space-sprint-project-pda\PDA\main\planetsMenu.cpp(23,59): warning C4838: conversion from 'const int' to 'float' requires a narrowing conversion
C:\Users\plame\OneDrive\Работен плот\Planet Dawn\2324-space-sprint-project-pda\PDA\main\planetsMenu.cpp(23,59): warning C4244: 'initializing': conversion from 'const int' to 'float', possible loss of data
C:\Users\plame\OneDrive\Работен плот\Planet Dawn\2324-space-sprint-project-pda\PDA\main\planetsMenu.cpp(24,42): warning C4838: conversion from 'const int' to 'float' requires a narrowing conversion
C:\Users\plame\OneDrive\Работен плот\Planet Dawn\2324-space-sprint-project-pda\PDA\main\planetsMenu.cpp(24,42): warning C4244: 'initializing': conversion from 'const int' to 'float', possible loss of data
C:\Users\plame\OneDrive\Работен плот\Planet Dawn\2324-space-sprint-project-pda\PDA\main\planetsMenu.cpp(24,59): warning C4838: conversion from 'const int' to 'float' requires a narrowing conversion
C:\Users\plame\OneDrive\Работен плот\Planet Dawn\2324-space-sprint-project-pda\PDA\main\planetsMenu.cpp(24,59): warning C4244: 'initializing': conversion from 'const int' to 'float', possible loss of data
C:\Users\plame\OneDrive\Работен плот\Planet Dawn\2324-space-sprint-project-pda\PDA\main\planetsMenu.cpp(25,42): warning C4838: conversion from 'const int' to 'float' requires a narrowing conversion
C:\Users\plame\OneDrive\Работен плот\Planet Dawn\2324-space-sprint-project-pda\PDA\main\planetsMenu.cpp(25,42): warning C4244: 'initializing': conversion from 'const int' to 'float', possible loss of data
C:\Users\plame\OneDrive\Работен плот\Planet Dawn\2324-space-sprint-project-pda\PDA\main\planetsMenu.cpp(25,59): warning C4838: conversion from 'const int' to 'float' requires a narrowing conversion
C:\Users\plame\OneDrive\Работен плот\Planet Dawn\2324-space-sprint-project-pda\PDA\main\planetsMenu.cpp(25,59): warning C4244: 'initializing': conversion from 'const int' to 'float', possible loss of data
C:\Users\plame\OneDrive\Работен плот\Planet Dawn\2324-space-sprint-project-pda\PDA\main\planetsMenu.cpp(26,42): warning C4838: conversion from 'const int' to 'float' requires a narrowing conversion
C:\Users\plame\OneDrive\Работен плот\Planet Dawn\2324-space-sprint-project-pda\PDA\main\planetsMenu.cpp(26,42): warning C4244: 'initializing': conversion from 'const int' to 'float', possible loss of data
C:\Users\plame\OneDrive\Работен плот\Planet Dawn\2324-space-sprint-project-pda\PDA\main\planetsMenu.cpp(26,59): warning C4838: conversion from 'const int' to 'float' requires a narrowing conversion
C:\Users\plame\OneDrive\Работен плот\Planet Dawn\2324-space-sprint-project-pda\PDA\main\planetsMenu.cpp(26,59): warning C4244: 'initializing': conversion from 'const int' to 'float', possible loss of data
  main.vcxproj -> C:\Users\plame\OneDrive\Работен плот\Planet Dawn\2324-space-sprint-project-pda\PDA\x64\Debug\main.exe
  'pwsh.exe' is not recognized as an internal or external command,
  operable program or batch file.
